<?xml version="1.0" encoding="UTF-8"?>
<!-- Generated by org.testng.reporters.JUnitXMLReporter -->
<testsuite ignored="2" hostname="TYSS-Chaithra" failures="0" tests="2" name="Test- Runner 2" time="62.1" errors="0" timestamp="2022-03-03T13:44:33 IST">
  <testcase classname="com.crm.ContactTests.CreateConatctWithOrgTest" name="createContactWithOrgTest" time="27.513"/>
  <testcase classname="com.crm.ContactTests.CreateContactTest" name="createContactTest" time="11.714"/>
  <testcase classname="com.crm.GenericLibrary.BaseClass" name="@AfterSuite closeDb" time="0.0">
    <ignored/>
  </testcase> <!-- @AfterSuite closeDb -->
  <testcase classname="com.crm.GenericLibrary.BaseClass" name="@BeforeSuite connectDataBase" time="0.0">
    <ignored/>
  </testcase> <!-- @BeforeSuite connectDataBase -->
</testsuite> <!-- Test- Runner 2 -->
