<?xml version="1.0" encoding="UTF-8"?>
<!-- Generated by org.testng.reporters.JUnitXMLReporter -->
<testsuite ignored="2" hostname="TYSS-Chaithra" failures="0" tests="2" name="Test- Runner - Chrome" time="45.526" errors="0" timestamp="2022-03-03T13:49:17 IST">
  <testcase classname="com.crm.OrganizationTests.CreateOrgWithIndustryTypeTest" name="createOrgWithIndTypeTest" time="12.68"/>
  <testcase classname="com.crm.OrganizationTests.CreateOrgTest" name="createOrgTest" time="14.024"/>
  <testcase classname="com.crm.GenericLibrary.BaseClass" name="@AfterSuite closeDb" time="0.0">
    <ignored/>
  </testcase> <!-- @AfterSuite closeDb -->
  <testcase classname="com.crm.GenericLibrary.BaseClass" name="@BeforeSuite connectDataBase" time="0.0">
    <ignored/>
  </testcase> <!-- @BeforeSuite connectDataBase -->
</testsuite> <!-- Test- Runner - Chrome -->
