<?xml version="1.0" encoding="UTF-8"?>
<!-- Generated by org.testng.reporters.JUnitXMLReporter -->
<testsuite ignored="2" hostname="TYSS-Chaithra" failures="0" tests="2" name="Test- Runner - Firefox" time="90.427" errors="0" timestamp="2022-03-03T13:50:01 IST">
  <testcase classname="com.crm.OrganizationTests.CreateOrgWithIndustryTypeTest" name="createOrgWithIndTypeTest" time="14.971"/>
  <testcase classname="com.crm.OrganizationTests.CreateOrgTest" name="createOrgTest" time="11.095"/>
  <testcase classname="com.crm.GenericLibrary.BaseClass" name="@AfterSuite closeDb" time="0.0">
    <ignored/>
  </testcase> <!-- @AfterSuite closeDb -->
  <testcase classname="com.crm.GenericLibrary.BaseClass" name="@BeforeSuite connectDataBase" time="0.0">
    <ignored/>
  </testcase> <!-- @BeforeSuite connectDataBase -->
</testsuite> <!-- Test- Runner - Firefox -->
