<?xml version="1.0" encoding="UTF-8"?>
<!-- Generated by org.testng.reporters.JUnitReportReporter -->
<testsuite hostname="TYSS-Chaithra" failures="0" tests="3" name="com.crm.PRACTICE.PracticeTestNG" time="0.015" errors="0" timestamp="2022-03-05T12:40:22 IST" skipped="0">
  <testcase classname="com.crm.PRACTICE.PracticeTestNG" name="deleteOrg" time="0.015"/>
  <system-out/>
  <testcase classname="com.crm.PRACTICE.PracticeTestNG" name="createOrg" time="0.000"/>
  <system-out/>
  <testcase classname="com.crm.PRACTICE.PracticeTestNG" name="modifyOrg" time="0.000"/>
  <system-out/>
</testsuite> <!-- com.crm.PRACTICE.PracticeTestNG -->
