<?xml version="1.0" encoding="UTF-8"?>
<!-- Generated by org.testng.reporters.JUnitReportReporter -->
<testsuite hostname="TYSS-Chaithra" failures="0" tests="1" name="com.crm.PRACTICE.SampleJDBCExecuteUpdate" time="0.213" errors="0" timestamp="2022-02-16T13:04:51 IST" skipped="0">
  <testcase classname="com.crm.PRACTICE.SampleJDBCExecuteUpdate" name="sampleJDBCExecuteUpdate" time="0.213"/>
  <system-out/>
</testsuite> <!-- com.crm.PRACTICE.SampleJDBCExecuteUpdate -->
