<?xml version="1.0" encoding="UTF-8"?>
<!-- Generated by org.testng.reporters.JUnitReportReporter -->
<testsuite hostname="TYSS-Chaithra" failures="0" tests="1" name="com.crm.PRACTICE.ReadDataFromCmdLineTest" time="0.015" errors="0" timestamp="2022-03-03T15:48:02 IST" skipped="0">
  <testcase classname="com.crm.PRACTICE.ReadDataFromCmdLineTest" name="practice" time="0.015"/>
  <system-out/>
</testsuite> <!-- com.crm.PRACTICE.ReadDataFromCmdLineTest -->
