<?xml version="1.0" encoding="UTF-8"?>
<!-- Generated by org.testng.reporters.JUnitReportReporter -->
<testsuite hostname="TYSS-Chaithra" failures="0" tests="1" name="com.crm.PRACTICE.ReadDataFromExcelSheetTest" time="0.424" errors="0" timestamp="2022-02-17T15:43:54 IST" skipped="0">
  <testcase classname="com.crm.PRACTICE.ReadDataFromExcelSheetTest" name="readDataFromExcel" time="0.424"/>
  <system-out/>
</testsuite> <!-- com.crm.PRACTICE.ReadDataFromExcelSheetTest -->
