<?xml version="1.0" encoding="UTF-8"?>
<!-- Generated by org.testng.reporters.JUnitReportReporter -->
<testsuite hostname="TYSS-Chaithra" failures="0" tests="1" name="com.crm.PRACTICE.CreateCampaignWithProductTesr" time="16.099" errors="0" timestamp="2022-02-18T10:32:04 IST" skipped="0">
  <testcase classname="com.crm.PRACTICE.CreateCampaignWithProductTesr" name="createCampaignWithProduct" time="16.099"/>
  <system-out/>
</testsuite> <!-- com.crm.PRACTICE.CreateCampaignWithProductTesr -->
