<?xml version="1.0" encoding="UTF-8"?>
<!-- Generated by org.testng.reporters.JUnitReportReporter -->
<testsuite hostname="TYSS-Chaithra" failures="0" tests="1" name="com.crm.OrganizationTests.CreateOrganizationTest" time="14.852" errors="0" timestamp="2022-02-16T16:44:04 IST" skipped="0">
  <testcase classname="com.crm.OrganizationTests.CreateOrganizationTest" name="createOrganizationTest" time="14.852"/>
  <system-out/>
</testsuite> <!-- com.crm.OrganizationTests.CreateOrganizationTest -->
