<?xml version="1.0" encoding="UTF-8"?>
<!-- Generated by org.testng.reporters.JUnitReportReporter -->
<testsuite hostname="TYSS-Chaithra" failures="0" tests="1" name="com.crm.OrganizationTests.CreateOrgWithIndustryTypeTest" time="16.834" errors="0" timestamp="2022-03-16T16:11:04 IST" skipped="0">
  <testcase classname="com.crm.OrganizationTests.CreateOrgWithIndustryTypeTest" name="createOrgWithIndTypeTest" time="16.834"/>
  <system-out/>
</testsuite> <!-- com.crm.OrganizationTests.CreateOrgWithIndustryTypeTest -->
