<?xml version="1.0" encoding="UTF-8"?>
<!-- Generated by org.testng.reporters.JUnitReportReporter -->
<testsuite hostname="TYSS-Chaithra" failures="0" tests="1" name="com.crm.PRACTICE.SampleJDBCExecuteQuery" time="0.227" errors="0" timestamp="2022-02-16T12:03:17 IST" skipped="0">
  <testcase classname="com.crm.PRACTICE.SampleJDBCExecuteQuery" name="sampleJDBCExecuteQuery" time="0.227"/>
  <system-out/>
</testsuite> <!-- com.crm.PRACTICE.SampleJDBCExecuteQuery -->
