<?xml version="1.0" encoding="UTF-8"?>
<!-- Generated by org.testng.reporters.JUnitReportReporter -->
<testsuite hostname="TYSS-Chaithra" failures="0" tests="1" name="com.crm.CampaignTests.CreateCampaignWithProductTest" time="39.403" errors="0" timestamp="2022-02-22T15:41:52 IST" skipped="0">
  <testcase classname="com.crm.CampaignTests.CreateCampaignWithProductTest" name="createCampaignWithProduct" time="39.403"/>
  <system-out/>
</testsuite> <!-- com.crm.CampaignTests.CreateCampaignWithProductTest -->
