<?xml version="1.0" encoding="UTF-8"?>
<!-- Generated by org.testng.reporters.JUnitReportReporter -->
<testsuite hostname="TYSS-Chaithra" failures="0" tests="1" name="com.crm.PRACTICE.HandlecalenderTest" time="8.931" errors="0" timestamp="2022-03-09T12:25:13 IST" skipped="0">
  <testcase classname="com.crm.PRACTICE.HandlecalenderTest" name="calender" time="8.931"/>
  <system-out/>
</testsuite> <!-- com.crm.PRACTICE.HandlecalenderTest -->
