<?xml version="1.0" encoding="UTF-8"?>
<!-- Generated by org.testng.reporters.JUnitReportReporter -->
<testsuite hostname="TYSS-Chaithra" failures="0" tests="8" name="com.crm.PRACTICE.DataProviderWithExcel" time="0.010" errors="0" timestamp="2022-02-28T17:24:08 IST" skipped="0">
  <testcase classname="com.crm.PRACTICE.DataProviderWithExcel" name="data" time="0.001"/>
  <system-out/>
  <testcase classname="com.crm.PRACTICE.DataProviderWithExcel" name="data" time="0.001"/>
  <system-out/>
  <testcase classname="com.crm.PRACTICE.DataProviderWithExcel" name="data" time="0.001"/>
  <system-out/>
  <testcase classname="com.crm.PRACTICE.DataProviderWithExcel" name="data" time="0.001"/>
  <system-out/>
  <testcase classname="com.crm.PRACTICE.DataProviderWithExcel" name="data" time="0.001"/>
  <system-out/>
  <testcase classname="com.crm.PRACTICE.DataProviderWithExcel" name="data" time="0.004"/>
  <system-out/>
  <testcase classname="com.crm.PRACTICE.DataProviderWithExcel" name="data" time="0.000"/>
  <system-out/>
  <testcase classname="com.crm.PRACTICE.DataProviderWithExcel" name="data" time="0.001"/>
  <system-out/>
</testsuite> <!-- com.crm.PRACTICE.DataProviderWithExcel -->
