<?xml version="1.0" encoding="UTF-8"?>
<!-- Generated by org.testng.reporters.JUnitReportReporter -->
<testsuite hostname="TYSS-Chaithra" failures="0" tests="1" name="com.crm.PRACTICE.DemoGetWindowHandles" time="28.530" errors="0" timestamp="2022-03-10T14:30:38 IST" skipped="0">
  <testcase classname="com.crm.PRACTICE.DemoGetWindowHandles" name="demo" time="28.530"/>
  <system-out/>
</testsuite> <!-- com.crm.PRACTICE.DemoGetWindowHandles -->
