<?xml version="1.0" encoding="UTF-8"?>
<!-- Generated by org.testng.reporters.JUnitReportReporter -->
<testsuite hostname="TYSS-Chaithra" failures="0" tests="1" name="com.crm.PRACTICE.DataVerificationInDB" time="0.194" errors="0" timestamp="2022-02-16T13:18:49 IST" skipped="0">
  <testcase classname="com.crm.PRACTICE.DataVerificationInDB" name="dataVerification" time="0.194"/>
  <system-out/>
</testsuite> <!-- com.crm.PRACTICE.DataVerificationInDB -->
