<?xml version="1.0" encoding="UTF-8"?>
<!-- Generated by org.testng.reporters.JUnitReportReporter -->
<testsuite hostname="TYSS-Chaithra" failures="0" tests="1" name="com.crm.PRACTICE.ReadDataFromCmdLine" time="0.007" errors="0" timestamp="2022-02-17T12:35:51 IST" skipped="0">
  <testcase classname="com.crm.PRACTICE.ReadDataFromCmdLine" name="readDataFromCmdLine" time="0.007"/>
  <system-out/>
</testsuite> <!-- com.crm.PRACTICE.ReadDataFromCmdLine -->
